<?xml version="1.0" encoding="UTF-8"?>
<!-- Generated by org.testng.reporters.JUnitReportReporter -->
<testsuite skipped="0" hostname="DESKTOP-JL75APN" name="testToDo.LinksOnHomePageTest" tests="1" failures="0" timestamp="02 Jul 2020 15:23:32 GMT" time="20.360" errors="0">
  <testcase name="LinkOnHomePage" time="20.360" classname="testToDo.LinksOnHomePageTest"/>
</testsuite> <!-- testToDo.LinksOnHomePageTest -->
