<?xml version="1.0" encoding="UTF-8"?>
<!-- Generated by org.testng.reporters.JUnitReportReporter -->
<testsuite skipped="0" hostname="DESKTOP-JL75APN" name="testToDo.TabsOnHomePageTest" tests="4" failures="0" timestamp="26 Jun 2020 16:52:01 GMT" time="71.766" errors="0">
  <testcase name="clearCompletedTab" time="20.299" classname="testToDo.TabsOnHomePageTest"/>
  <testcase name="AllTab" time="19.483" classname="testToDo.TabsOnHomePageTest"/>
  <testcase name="ActiveTab" time="17.653" classname="testToDo.TabsOnHomePageTest"/>
  <testcase name="CompletedTab" time="14.331" classname="testToDo.TabsOnHomePageTest"/>
</testsuite> <!-- testToDo.TabsOnHomePageTest -->
