<?xml version="1.0" encoding="UTF-8"?>
<!-- Generated by org.testng.reporters.JUnitReportReporter -->
<testsuite skipped="0" hostname="DESKTOP-JL75APN" name="testToDo.TabsOnHomePageTest" tests="4" failures="0" timestamp="02 Jul 2020 15:23:32 GMT" time="79.716" errors="0">
  <testcase name="clearCompletedTab" time="20.941" classname="testToDo.TabsOnHomePageTest"/>
  <testcase name="AllTab" time="21.658" classname="testToDo.TabsOnHomePageTest"/>
  <testcase name="ActiveTab" time="19.740" classname="testToDo.TabsOnHomePageTest"/>
  <testcase name="CompletedTab" time="17.377" classname="testToDo.TabsOnHomePageTest"/>
</testsuite> <!-- testToDo.TabsOnHomePageTest -->
