<?xml version="1.0" encoding="UTF-8"?>
<!-- Generated by org.testng.reporters.JUnitReportReporter -->
<testsuite skipped="0" hostname="DESKTOP-JL75APN" name="testToDo.HomePageTest" tests="10" failures="0" timestamp="26 Jun 2020 16:55:40 GMT" time="188.495" errors="0">
  <testcase name="ReactToDoMvc" time="11.637" classname="testToDo.HomePageTest"/>
  <testcase name="addCharToDos" time="15.313" classname="testToDo.HomePageTest"/>
  <testcase name="editingToDo" time="19.082" classname="testToDo.HomePageTest"/>
  <testcase name="comboOfIntCharSpecCharToDo" time="19.905" classname="testToDo.HomePageTest"/>
  <testcase name="toDoWithSpaceBar" time="18.484" classname="testToDo.HomePageTest"/>
  <testcase name="DuplicateToDos" time="24.006" classname="testToDo.HomePageTest"/>
  <testcase name="InfiniteCharToDo" time="35.441" classname="testToDo.HomePageTest"/>
  <testcase name="deletionOfToDos" time="15.395" classname="testToDo.HomePageTest"/>
  <testcase name="DownWardArrowWithCompletedTab" time="13.858" classname="testToDo.HomePageTest"/>
  <testcase name="downWardArrowWithActiveTab" time="15.374" classname="testToDo.HomePageTest"/>
</testsuite> <!-- testToDo.HomePageTest -->
