<?xml version="1.0" encoding="UTF-8"?>
<!-- Generated by org.testng.reporters.JUnitReportReporter -->
<testsuite skipped="0" hostname="DESKTOP-JL75APN" name="testToDo.HomePageTest" tests="10" failures="0" timestamp="02 Jul 2020 15:23:32 GMT" time="223.454" errors="0">
  <testcase name="ReactToDoMvc" time="26.548" classname="testToDo.HomePageTest"/>
  <testcase name="addCharToDos" time="17.507" classname="testToDo.HomePageTest"/>
  <testcase name="editingToDo" time="20.011" classname="testToDo.HomePageTest"/>
  <testcase name="comboOfIntCharSpecCharToDo" time="21.624" classname="testToDo.HomePageTest"/>
  <testcase name="toDoWithSpaceBar" time="23.374" classname="testToDo.HomePageTest"/>
  <testcase name="DuplicateToDos" time="26.682" classname="testToDo.HomePageTest"/>
  <testcase name="InfiniteCharToDo" time="37.283" classname="testToDo.HomePageTest"/>
  <testcase name="deletionOfToDos" time="15.756" classname="testToDo.HomePageTest"/>
  <testcase name="DownWardArrowWithCompletedTab" time="20.069" classname="testToDo.HomePageTest"/>
  <testcase name="downWardArrowWithActiveTab" time="14.600" classname="testToDo.HomePageTest"/>
</testsuite> <!-- testToDo.HomePageTest -->
