<?xml version="1.0" encoding="UTF-8"?>
<!-- Generated by org.testng.reporters.JUnitReportReporter -->
<testsuite skipped="0" hostname="DESKTOP-JL75APN" name="testToDo.LinksOnHomePageTest" tests="1" failures="0" timestamp="26 Jun 2020 16:35:26 GMT" time="26.561" errors="0">
  <testcase name="LinkOnHomePage" time="26.561" classname="testToDo.LinksOnHomePageTest"/>
</testsuite> <!-- testToDo.LinksOnHomePageTest -->
